<?xml version="1.0" encoding="UTF-8"?>
<testsuites name="Mocha Tests" time="41.4750" tests="1" failures="0">
  <testsuite name="Root Suite" timestamp="2021-05-09T17:48:47" tests="0" file="cypress/tests/maindashboard.test.js" time="0.0000" failures="0">
  </testsuite>
  <testsuite name="Dashboard" timestamp="2021-05-09T17:48:47" tests="1" time="41.4750" failures="0">
    <testcase name="Dashboard can load" time="41.4750" classname="can load">
    </testcase>
  </testsuite>
</testsuites>